EDA Netlist Writer report for verilog-alu-qupj
Wed Nov 27 22:23:52 2019
Quartus II 64-Bit Version 15.0.0 Build 145 04/22/2015 SJ Full Version


---------------------
; Table of Contents ;
---------------------
  1. Legal Notice
  2. EDA Netlist Writer Summary
  3. Simulation Settings
  4. Simulation Generated Files
  5. EDA Netlist Writer Messages



----------------
; Legal Notice ;
----------------
Copyright (C) 1991-2015 Altera Corporation. All rights reserved.
Your use of Altera Corporation's design tools, logic functions 
and other software and tools, and its AMPP partner logic 
functions, and any output files from any of the foregoing 
(including device programming or simulation files), and any 
associated documentation or information are expressly subject 
to the terms and conditions of the Altera Program License 
Subscription Agreement, the Altera Quartus II License Agreement,
the Altera MegaCore Function License Agreement, or other 
applicable license agreement, including, without limitation, 
that your use is for the sole purpose of programming logic 
devices manufactured by Altera and sold by Altera or its 
authorized distributors.  Please refer to the applicable 
agreement for further details.



+-------------------------------------------------------------------+
; EDA Netlist Writer Summary                                        ;
+---------------------------+---------------------------------------+
; EDA Netlist Writer Status ; Successful - Wed Nov 27 22:23:52 2019 ;
; Revision Name             ; verilog-alu-qupj                      ;
; Top-level Entity Name     ; verilog-alu-qupj-block                ;
; Family                    ; Arria II GZ                           ;
; Simulation Files Creation ; Successful                            ;
+---------------------------+---------------------------------------+


+----------------------------------------------------------------------------------------------------------------------------+
; Simulation Settings                                                                                                        ;
+---------------------------------------------------------------------------------------------------+------------------------+
; Option                                                                                            ; Setting                ;
+---------------------------------------------------------------------------------------------------+------------------------+
; Tool Name                                                                                         ; ModelSim-Altera (VHDL) ;
; Generate netlist for functional simulation only                                                   ; Off                    ;
; Time scale                                                                                        ; 1 ps                   ;
; Truncate long hierarchy paths                                                                     ; Off                    ;
; Map illegal HDL characters                                                                        ; Off                    ;
; Flatten buses into individual nodes                                                               ; Off                    ;
; Maintain hierarchy                                                                                ; Off                    ;
; Bring out device-wide set/reset signals as ports                                                  ; Off                    ;
; Enable glitch filtering                                                                           ; Off                    ;
; Do not write top level VHDL entity                                                                ; Off                    ;
; Disable detection of setup and hold time violations in the input registers of bi-directional pins ; Off                    ;
; Architecture name in VHDL output netlist                                                          ; structure              ;
; Generate third-party EDA tool command script for RTL functional simulation                        ; Off                    ;
; Generate third-party EDA tool command script for gate-level simulation                            ; Off                    ;
+---------------------------------------------------------------------------------------------------+------------------------+


+---------------------------------------------------------------------------------------------------------------------+
; Simulation Generated Files                                                                                          ;
+---------------------------------------------------------------------------------------------------------------------+
; Generated Files                                                                                                     ;
+---------------------------------------------------------------------------------------------------------------------+
; /home/katio/script/github.com/onokatio/verilog-alu/simulation/modelsim/verilog-alu-qupj_3_900mv_100c_slow.vho       ;
; /home/katio/script/github.com/onokatio/verilog-alu/simulation/modelsim/verilog-alu-qupj_3_900mv_-40c_slow.vho       ;
; /home/katio/script/github.com/onokatio/verilog-alu/simulation/modelsim/verilog-alu-qupj_min_900mv_-40c_fast.vho     ;
; /home/katio/script/github.com/onokatio/verilog-alu/simulation/modelsim/verilog-alu-qupj.vho                         ;
; /home/katio/script/github.com/onokatio/verilog-alu/simulation/modelsim/verilog-alu-qupj_3_900mv_100c_vhd_slow.sdo   ;
; /home/katio/script/github.com/onokatio/verilog-alu/simulation/modelsim/verilog-alu-qupj_3_900mv_-40c_vhd_slow.sdo   ;
; /home/katio/script/github.com/onokatio/verilog-alu/simulation/modelsim/verilog-alu-qupj_min_900mv_-40c_vhd_fast.sdo ;
; /home/katio/script/github.com/onokatio/verilog-alu/simulation/modelsim/verilog-alu-qupj_vhd.sdo                     ;
+---------------------------------------------------------------------------------------------------------------------+


+-----------------------------+
; EDA Netlist Writer Messages ;
+-----------------------------+
Info: *******************************************************************
Info: Running Quartus II 64-Bit EDA Netlist Writer
    Info: Version 15.0.0 Build 145 04/22/2015 SJ Full Version
    Info: Processing started: Wed Nov 27 22:23:51 2019
Info: Command: quartus_eda --read_settings_files=off --write_settings_files=off verilog-alu-qupj -c verilog-alu-qupj
Info (204019): Generated file verilog-alu-qupj_3_900mv_100c_slow.vho in folder "/home/katio/script/github.com/onokatio/verilog-alu/simulation/modelsim/" for EDA simulation tool
Info (204019): Generated file verilog-alu-qupj_3_900mv_-40c_slow.vho in folder "/home/katio/script/github.com/onokatio/verilog-alu/simulation/modelsim/" for EDA simulation tool
Info (204019): Generated file verilog-alu-qupj_min_900mv_-40c_fast.vho in folder "/home/katio/script/github.com/onokatio/verilog-alu/simulation/modelsim/" for EDA simulation tool
Info (204019): Generated file verilog-alu-qupj.vho in folder "/home/katio/script/github.com/onokatio/verilog-alu/simulation/modelsim/" for EDA simulation tool
Info (204019): Generated file verilog-alu-qupj_3_900mv_100c_vhd_slow.sdo in folder "/home/katio/script/github.com/onokatio/verilog-alu/simulation/modelsim/" for EDA simulation tool
Info (204019): Generated file verilog-alu-qupj_3_900mv_-40c_vhd_slow.sdo in folder "/home/katio/script/github.com/onokatio/verilog-alu/simulation/modelsim/" for EDA simulation tool
Info (204019): Generated file verilog-alu-qupj_min_900mv_-40c_vhd_fast.sdo in folder "/home/katio/script/github.com/onokatio/verilog-alu/simulation/modelsim/" for EDA simulation tool
Info (204019): Generated file verilog-alu-qupj_vhd.sdo in folder "/home/katio/script/github.com/onokatio/verilog-alu/simulation/modelsim/" for EDA simulation tool
Info: Quartus II 64-Bit EDA Netlist Writer was successful. 0 errors, 0 warnings
    Info: Peak virtual memory: 1163 megabytes
    Info: Processing ended: Wed Nov 27 22:23:52 2019
    Info: Elapsed time: 00:00:01
    Info: Total CPU time (on all processors): 00:00:01


